0 info it worked if it ends with ok
1 verbose cli [ '/usr/local/bin/node', '/usr/local/bin/npm', 'run', 'deploy' ]
2 info using npm@3.3.6
3 info using node@v5.0.0
4 verbose run-script [ 'predeploy', 'deploy', 'postdeploy' ]
5 info lifecycle linster@1.0.0~predeploy: linster@1.0.0
6 silly lifecycle linster@1.0.0~predeploy: no script for predeploy, continuing
7 info lifecycle linster@1.0.0~deploy: linster@1.0.0
8 verbose lifecycle linster@1.0.0~deploy: unsafe-perm in lifecycle true
9 verbose lifecycle linster@1.0.0~deploy: PATH: /usr/local/lib/node_modules/npm/bin/node-gyp-bin:/Volumes/Data/hiasinho/Sites/jekyll/linster/node_modules/.bin:/Users/hiasinho/.rvm/gems/ruby-2.2.3/bin:/Users/hiasinho/.rvm/gems/ruby-2.2.3@global/bin:/Users/hiasinho/.rvm/rubies/ruby-2.2.3/bin:/Users/hiasinho/.rvm/bin:/usr/local/bin:/usr/bin:/bin:/usr/sbin:/sbin:/Users/hiasinho/golang/bin:/usr/local/opt/go/libexec/bin
10 verbose lifecycle linster@1.0.0~deploy: CWD: /Volumes/Data/hiasinho/Sites/jekyll/linster
11 silly lifecycle linster@1.0.0~deploy: Args: [ '-c', 'webpack -p && exit 1' ]
12 silly lifecycle linster@1.0.0~deploy: Returned: code: 1  signal: null
13 info lifecycle linster@1.0.0~deploy: Failed to exec deploy script
14 verbose stack Error: linster@1.0.0 deploy: `webpack -p && exit 1`
14 verbose stack Exit status 1
14 verbose stack     at EventEmitter.<anonymous> (/usr/local/lib/node_modules/npm/lib/utils/lifecycle.js:233:16)
14 verbose stack     at emitTwo (events.js:87:13)
14 verbose stack     at EventEmitter.emit (events.js:172:7)
14 verbose stack     at ChildProcess.<anonymous> (/usr/local/lib/node_modules/npm/lib/utils/spawn.js:24:14)
14 verbose stack     at emitTwo (events.js:87:13)
14 verbose stack     at ChildProcess.emit (events.js:172:7)
14 verbose stack     at maybeClose (internal/child_process.js:818:16)
14 verbose stack     at Process.ChildProcess._handle.onexit (internal/child_process.js:211:5)
15 verbose pkgid linster@1.0.0
16 verbose cwd /Volumes/Data/hiasinho/Sites/jekyll/linster
17 error Darwin 14.5.0
18 error argv "/usr/local/bin/node" "/usr/local/bin/npm" "run" "deploy"
19 error node v5.0.0
20 error npm  v3.3.6
21 error code ELIFECYCLE
22 error linster@1.0.0 deploy: `webpack -p && exit 1`
22 error Exit status 1
23 error Failed at the linster@1.0.0 deploy script 'webpack -p && exit 1'.
23 error This is most likely a problem with the linster package,
23 error not with npm itself.
23 error Tell the author that this fails on your system:
23 error     webpack -p && exit 1
23 error You can get their info via:
23 error     npm owner ls linster
23 error There is likely additional logging output above.
24 verbose exit [ 1, true ]
